6/25/2019 8:24:46 PM	This log contains information about the import schema operation into project 'EHS.Server.DB' on computer 'DESKTOP-TKG2RHL' by user 'caryc'.
6/25/2019 8:24:46 PM	Import of database schema has started.
6/25/2019 8:24:51 PM	Gathering database credentials
6/25/2019 8:24:51 PM	Gathering database options
6/25/2019 8:24:51 PM	Gathering generic database scoped configuration option
6/25/2019 8:24:51 PM	Gathering users
6/25/2019 8:24:51 PM	Gathering roles
6/25/2019 8:24:51 PM	Gathering application roles
6/25/2019 8:24:51 PM	Gathering role memberships
6/25/2019 8:24:51 PM	Gathering filegroups
6/25/2019 8:24:51 PM	Gathering full-text catalogs
6/25/2019 8:24:51 PM	Gathering assemblies
6/25/2019 8:24:51 PM	Gathering certificates
6/25/2019 8:24:51 PM	Gathering asymmetric keys
6/25/2019 8:24:51 PM	Gathering symmetric keys
6/25/2019 8:24:51 PM	Gathering encrypted symmetric keys
6/25/2019 8:24:51 PM	Gathering schemas
6/25/2019 8:24:51 PM	Gathering XML schema collections
6/25/2019 8:24:51 PM	Gathering user-defined data types
6/25/2019 8:24:51 PM	Gathering user-defined types
6/25/2019 8:24:51 PM	Gathering table types
6/25/2019 8:24:51 PM	Gathering unique keys for table types
6/25/2019 8:24:51 PM	Gathering primary keys for table types
6/25/2019 8:24:51 PM	Gathering indexes for table types
6/25/2019 8:24:51 PM	Gathering check constraints for table types
6/25/2019 8:24:51 PM	Gathering default constraints for table types
6/25/2019 8:24:51 PM	Gathering partition functions
6/25/2019 8:24:51 PM	Gathering partition schemes
6/25/2019 8:24:51 PM	Gathering functions
6/25/2019 8:24:51 PM	Gathering encrypted functions
6/25/2019 8:24:51 PM	Gathering aggregates
6/25/2019 8:24:51 PM	Gathering procedures
6/25/2019 8:24:52 PM	Gathering encrypted procedures
6/25/2019 8:24:52 PM	Gathering tables
6/25/2019 8:24:52 PM	Gathering primary keys
6/25/2019 8:24:52 PM	Gathering unique constraints
6/25/2019 8:24:52 PM	Gathering foreign keys
6/25/2019 8:24:52 PM	Gathering default constraints
6/25/2019 8:24:52 PM	Gathering check constraints
6/25/2019 8:24:52 PM	Gathering views
6/25/2019 8:24:52 PM	Gathering encrypted views
6/25/2019 8:24:52 PM	Gathering indexes
6/25/2019 8:24:52 PM	Gathering statistics
6/25/2019 8:24:52 PM	Gathering full-text index stoplists
6/25/2019 8:24:52 PM	Gathering search property lists
6/25/2019 8:24:52 PM	Gathering search properties
6/25/2019 8:24:52 PM	Gathering full-text indexes
6/25/2019 8:24:52 PM	Gathering column store indexes
6/25/2019 8:24:52 PM	Gathering spatial indexes
6/25/2019 8:24:52 PM	Gathering XML indexes
6/25/2019 8:24:52 PM	Gathering Selective XML indexes
6/25/2019 8:24:52 PM	Gathering encrypted triggers
6/25/2019 8:24:52 PM	Gathering triggers
6/25/2019 8:24:52 PM	Gathering encrypted and clr ddl triggers
6/25/2019 8:24:52 PM	Gathering ddl triggers
6/25/2019 8:24:52 PM	Gathering synonyms
6/25/2019 8:24:52 PM	Gathering defaults
6/25/2019 8:24:52 PM	Gathering data constraint uddt bindings
6/25/2019 8:24:52 PM	Gathering rules
6/25/2019 8:24:52 PM	Gathering data constraint uddt bindings
6/25/2019 8:24:52 PM	Gathering message types
6/25/2019 8:24:52 PM	Gathering queues
6/25/2019 8:24:52 PM	Gathering contracts
6/25/2019 8:24:52 PM	Gathering services
6/25/2019 8:24:52 PM	Gathering event notifications
6/25/2019 8:24:52 PM	Gathering remote service bindings
6/25/2019 8:24:52 PM	Gathering broker priorities
6/25/2019 8:24:52 PM	Gathering signatures
6/25/2019 8:24:52 PM	Gathering data compression options
6/25/2019 8:24:52 PM	Gathering sequence types
6/25/2019 8:24:52 PM	Gathering security policies
6/25/2019 8:24:52 PM	Gather column encryption keys
6/25/2019 8:24:52 PM	Gathering column master keys
6/25/2019 8:24:52 PM	Gathering external data sources
6/25/2019 8:24:52 PM	Gathering external file formats
6/25/2019 8:24:52 PM	Gathering external tables
6/25/2019 8:24:52 PM	Gathering extended properties
6/25/2019 8:24:53 PM	Scanning project for duplicate elements
6/25/2019 8:24:53 PM	Finished duplicate element processing
6/25/2019 8:24:53 PM	Finished importing database.
6/25/2019 8:24:53 PM	A summary of the import was saved to the following location: C:\Users\caryc\Projects\Vista Outdoor\EHS\EHS.Server\EHS.Server.DB\Import Schema Logs\EHS.Server.DB_20190626012446.log
6/25/2019 8:24:53 PM	Click Finish to continue...
